<?xml version="1.0" encoding="UTF-8"?>
<!-- Generated by org.testng.reporters.JUnitXMLReporter -->
<testsuite hostname="emupc" ignored="0" name="Test Maven Testing" tests="4" failures="0" timestamp="12 Oct 2018 21:47:54 GMT" time="0.044" errors="0">
  <testcase name="SUB" time="0.013" classname="com.qa.tests.DemoTest"/>
  <testcase name="SUM" time="0.001" classname="com.qa.tests.DemoTest"/>
  <testcase name="SUB1" time="0.001" classname="com.qa.tests.DemoTest1"/>
  <testcase name="SUM1" time="0.003" classname="com.qa.tests.DemoTest1"/>
</testsuite> <!-- Test Maven Testing -->
