<?xml version="1.0" encoding="UTF-8"?>
<testng-results skipped="0" failed="0" ignored="0" total="4" passed="4">
  <reporter-output>
  </reporter-output>
  <suite name="Test Maven Suite" duration-ms="44" started-at="2018-10-12T21:47:54Z" finished-at="2018-10-12T21:47:54Z">
    <groups>
    </groups>
    <test name="Test Maven Testing" duration-ms="44" started-at="2018-10-12T21:47:54Z" finished-at="2018-10-12T21:47:54Z">
      <class name="com.qa.tests.DemoTest">
        <test-method status="PASS" signature="SUB()[pri:0, instance:com.qa.tests.DemoTest@15975490]" name="SUB" duration-ms="13" started-at="2018-10-12T17:47:54Z" finished-at="2018-10-12T17:47:54Z">
          <reporter-output>
          </reporter-output>
        </test-method> <!-- SUB -->
        <test-method status="PASS" signature="SUM()[pri:0, instance:com.qa.tests.DemoTest@15975490]" name="SUM" duration-ms="1" started-at="2018-10-12T17:47:54Z" finished-at="2018-10-12T17:47:54Z">
          <reporter-output>
          </reporter-output>
        </test-method> <!-- SUM -->
      </class> <!-- com.qa.tests.DemoTest -->
      <class name="com.qa.tests.DemoTest1">
        <test-method status="PASS" signature="SUB1()[pri:0, instance:com.qa.tests.DemoTest1@6615435c]" name="SUB1" duration-ms="1" started-at="2018-10-12T17:47:54Z" finished-at="2018-10-12T17:47:54Z">
          <reporter-output>
          </reporter-output>
        </test-method> <!-- SUB1 -->
        <test-method status="PASS" signature="SUM1()[pri:0, instance:com.qa.tests.DemoTest1@6615435c]" name="SUM1" duration-ms="3" started-at="2018-10-12T17:47:54Z" finished-at="2018-10-12T17:47:54Z">
          <reporter-output>
          </reporter-output>
        </test-method> <!-- SUM1 -->
      </class> <!-- com.qa.tests.DemoTest1 -->
    </test> <!-- Test Maven Testing -->
  </suite> <!-- Test Maven Suite -->
</testng-results>
