<?xml version="1.0" encoding="UTF-8"?>
<testsuite xmlns:xsi="http://www.w3.org/2001/XMLSchema-instance" xsi:noNamespaceSchemaLocation="https://maven.apache.org/surefire/maven-surefire-plugin/xsd/surefire-test-report.xsd" name="TestSuite" time="1.413" tests="4" errors="0" skipped="0" failures="0">
  <properties>
[...]
</properties>
  <testcase name="SUB" classname="com.qa.tests.DemoTest" time="0.013"/>
  <testcase name="SUM" classname="com.qa.tests.DemoTest" time="0"/>
  <testcase name="SUB1" classname="com.qa.tests.DemoTest1" time="0"/>
  <testcase name="SUM1" classname="com.qa.tests.DemoTest1" time="0.001"/>
</testsuite>